{"numFailedTestSuites":1,"numFailedTests":1,"numPassedTestSuites":1,"numPassedTests":3,"numPendingTestSuites":0,"numPendingTests":0,"numRuntimeErrorTestSuites":0,"numTotalTestSuites":2,"numTotalTests":4,"openHandles":[],"snapshot":{"added":0,"didUpdate":false,"failure":true,"filesAdded":0,"filesRemoved":0,"filesUnmatched":1,"filesUpdated":0,"matched":1,"total":2,"unchecked":0,"uncheckedKeysByFile":[],"unmatched":1,"updated":0},"startTime":1542184463129,"success":false,"testResults":[{"assertionResults":[{"ancestorTitles":[],"failureMessages":[],"fullName":"it matches snapshot","location":null,"status":"passed","title":"it matches snapshot"},{"ancestorTitles":[],"failureMessages":[],"fullName":"it matches style rule","location":null,"status":"passed","title":"it matches style rule"}],"endTime":1542184467317,"message":"","name":"C:\\Users\\victo\\Kode\\batfink-react-storybook-setup\\packages\\atoms\\Barbar\\Barbar.test.jsx","startTime":1542184465277,"status":"passed","summary":""},{"assertionResults":[{"ancestorTitles":[],"failureMessages":["Error: \u001b[2mexpect(\u001b[22m\u001b[31mvalue\u001b[39m\u001b[2m).toMatchSnapshot(\u001b[22m\u001b[2m)\u001b[22m\n\n\u001b[31mReceived value\u001b[39m does not match \u001b[32mstored snapshot \"it matches snapshot 1\"\u001b[39m.\n\n\u001b[32m- Snapshot\u001b[39m\n\u001b[31m+ Received\u001b[39m\n\n\u001b[33m@@ -50,11 +50,11 @@\u001b[39m\n\u001b[2m        \"attrs\": undefined,\u001b[22m\n\u001b[2m        \"componentStyle\": ComponentStyle {\u001b[22m\n\u001b[2m          \"componentId\": \"Foobar-jdw10h-0\",\u001b[22m\n\u001b[2m          \"isStatic\": true,\u001b[22m\n\u001b[2m          \"rules\": Array [\u001b[22m\n\u001b[32m-           \"display:grid;grid-gap:0.25rem;font-weight:500;font-size:1.125rem;background:deeppink;color:lime;border:1px solid black;padding:1rem;\",\u001b[39m\n\u001b[31m+           \"display:grid;grid-gap:0.25rem;font-weight:500;font-size:1.125rem;background:lime;color:lime;border:1px solid black;padding:1rem;\",\u001b[39m\n\u001b[2m          ],\u001b[22m\n\u001b[2m        },\u001b[22m\n\u001b[2m        \"displayName\": \"Foobar\",\u001b[22m\n\u001b[2m        \"render\": [Function],\u001b[22m\n\u001b[2m        \"styledComponentId\": \"Foobar-jdw10h-0\",\u001b[22m\n\u001b[33m@@ -106,11 +106,11 @@\u001b[39m\n\u001b[2m          \"attrs\": undefined,\u001b[22m\n\u001b[2m          \"componentStyle\": ComponentStyle {\u001b[22m\n\u001b[2m            \"componentId\": \"Foobar-jdw10h-0\",\u001b[22m\n\u001b[2m            \"isStatic\": true,\u001b[22m\n\u001b[2m            \"rules\": Array [\u001b[22m\n\u001b[32m-             \"display:grid;grid-gap:0.25rem;font-weight:500;font-size:1.125rem;background:deeppink;color:lime;border:1px solid black;padding:1rem;\",\u001b[39m\n\u001b[31m+             \"display:grid;grid-gap:0.25rem;font-weight:500;font-size:1.125rem;background:lime;color:lime;border:1px solid black;padding:1rem;\",\u001b[39m\n\u001b[2m            ],\u001b[22m\n\u001b[2m          },\u001b[22m\n\u001b[2m          \"displayName\": \"Foobar\",\u001b[22m\n\u001b[2m          \"render\": [Function],\u001b[22m\n\u001b[2m          \"styledComponentId\": \"Foobar-jdw10h-0\",\u001b[22m\n    at Object.toMatchSnapshot (C:\\Users\\victo\\Kode\\batfink-react-storybook-setup\\packages\\atoms\\Foobar\\Foobar.test.jsx:11:21)\n    at Object.asyncJestTest (C:\\Users\\victo\\Kode\\batfink-react-storybook-setup\\node_modules\\jest-jasmine2\\build\\jasmine_async.js:108:37)\n    at resolve (C:\\Users\\victo\\Kode\\batfink-react-storybook-setup\\node_modules\\jest-jasmine2\\build\\queue_runner.js:56:12)\n    at new Promise (<anonymous>)\n    at mapper (C:\\Users\\victo\\Kode\\batfink-react-storybook-setup\\node_modules\\jest-jasmine2\\build\\queue_runner.js:43:19)\n    at promise.then (C:\\Users\\victo\\Kode\\batfink-react-storybook-setup\\node_modules\\jest-jasmine2\\build\\queue_runner.js:87:41)\n    at <anonymous>\n    at process._tickCallback (internal/process/next_tick.js:189:7)"],"fullName":"it matches snapshot","location":null,"status":"failed","title":"it matches snapshot"},{"ancestorTitles":[],"failureMessages":[],"fullName":"it matches style rule","location":null,"status":"passed","title":"it matches style rule"}],"endTime":1542184467413,"message":"\u001b[1m\u001b[31m  \u001b[1m● \u001b[1mit matches snapshot\u001b[39m\u001b[22m\n\n    \u001b[2mexpect(\u001b[22m\u001b[31mvalue\u001b[39m\u001b[2m).toMatchSnapshot(\u001b[22m\u001b[2m)\u001b[22m\n\n    \u001b[31mReceived value\u001b[39m does not match \u001b[32mstored snapshot \"it matches snapshot 1\"\u001b[39m.\n\n    \u001b[32m- Snapshot\u001b[39m\n    \u001b[31m+ Received\u001b[39m\n\n    \u001b[33m@@ -50,11 +50,11 @@\u001b[39m\n    \u001b[2m        \"attrs\": undefined,\u001b[22m\n    \u001b[2m        \"componentStyle\": ComponentStyle {\u001b[22m\n    \u001b[2m          \"componentId\": \"Foobar-jdw10h-0\",\u001b[22m\n    \u001b[2m          \"isStatic\": true,\u001b[22m\n    \u001b[2m          \"rules\": Array [\u001b[22m\n    \u001b[32m-           \"display:grid;grid-gap:0.25rem;font-weight:500;font-size:1.125rem;background:deeppink;color:lime;border:1px solid black;padding:1rem;\",\u001b[39m\n    \u001b[31m+           \"display:grid;grid-gap:0.25rem;font-weight:500;font-size:1.125rem;background:lime;color:lime;border:1px solid black;padding:1rem;\",\u001b[39m\n    \u001b[2m          ],\u001b[22m\n    \u001b[2m        },\u001b[22m\n    \u001b[2m        \"displayName\": \"Foobar\",\u001b[22m\n    \u001b[2m        \"render\": [Function],\u001b[22m\n    \u001b[2m        \"styledComponentId\": \"Foobar-jdw10h-0\",\u001b[22m\n    \u001b[33m@@ -106,11 +106,11 @@\u001b[39m\n    \u001b[2m          \"attrs\": undefined,\u001b[22m\n    \u001b[2m          \"componentStyle\": ComponentStyle {\u001b[22m\n    \u001b[2m            \"componentId\": \"Foobar-jdw10h-0\",\u001b[22m\n    \u001b[2m            \"isStatic\": true,\u001b[22m\n    \u001b[2m            \"rules\": Array [\u001b[22m\n    \u001b[32m-             \"display:grid;grid-gap:0.25rem;font-weight:500;font-size:1.125rem;background:deeppink;color:lime;border:1px solid black;padding:1rem;\",\u001b[39m\n    \u001b[31m+             \"display:grid;grid-gap:0.25rem;font-weight:500;font-size:1.125rem;background:lime;color:lime;border:1px solid black;padding:1rem;\",\u001b[39m\n    \u001b[2m            ],\u001b[22m\n    \u001b[2m          },\u001b[22m\n    \u001b[2m          \"displayName\": \"Foobar\",\u001b[22m\n    \u001b[2m          \"render\": [Function],\u001b[22m\n    \u001b[2m          \"styledComponentId\": \"Foobar-jdw10h-0\",\u001b[22m\n\u001b[2m\u001b[22m\n\u001b[2m    \u001b[0m \u001b[90m  9 | \u001b[39mtest(\u001b[32m'it matches snapshot'\u001b[39m\u001b[33m,\u001b[39m () \u001b[33m=>\u001b[39m {\u001b[0m\u001b[22m\n\u001b[2m    \u001b[0m \u001b[90m 10 | \u001b[39m    \u001b[36mconst\u001b[39m wrapper \u001b[33m=\u001b[39m shallow(\u001b[33m<\u001b[39m\u001b[33mFoobar\u001b[39m \u001b[33m/\u001b[39m\u001b[33m>\u001b[39m)\u001b[0m\u001b[22m\n\u001b[2m    \u001b[0m\u001b[31m\u001b[1m>\u001b[2m\u001b[39m\u001b[90m 11 | \u001b[39m    expect(wrapper)\u001b[33m.\u001b[39mtoMatchSnapshot()\u001b[0m\u001b[22m\n\u001b[2m    \u001b[0m \u001b[90m    | \u001b[39m                    \u001b[31m\u001b[1m^\u001b[2m\u001b[39m\u001b[0m\u001b[22m\n\u001b[2m    \u001b[0m \u001b[90m 12 | \u001b[39m})\u001b[0m\u001b[22m\n\u001b[2m    \u001b[0m \u001b[90m 13 | \u001b[39m\u001b[0m\u001b[22m\n\u001b[2m    \u001b[0m \u001b[90m 14 | \u001b[39mtest(\u001b[32m'it matches style rule'\u001b[39m\u001b[33m,\u001b[39m () \u001b[33m=>\u001b[39m {\u001b[0m\u001b[22m\n\u001b[2m\u001b[22m\n\u001b[2m      \u001b[2mat Object.toMatchSnapshot (\u001b[2m\u001b[0m\u001b[36mpackages/atoms/Foobar/Foobar.test.jsx\u001b[39m\u001b[0m\u001b[2m:11:21)\u001b[2m\u001b[22m\n","name":"C:\\Users\\victo\\Kode\\batfink-react-storybook-setup\\packages\\atoms\\Foobar\\Foobar.test.jsx","startTime":1542184465266,"status":"failed","summary":""}],"wasInterrupted":false}