{"numFailedTestSuites":0,"numFailedTests":0,"numPassedTestSuites":2,"numPassedTests":4,"numPendingTestSuites":0,"numPendingTests":0,"numRuntimeErrorTestSuites":0,"numTotalTestSuites":2,"numTotalTests":4,"openHandles":[],"snapshot":{"added":0,"didUpdate":false,"failure":false,"filesAdded":0,"filesRemoved":0,"filesUnmatched":0,"filesUpdated":0,"matched":2,"total":2,"unchecked":0,"uncheckedKeysByFile":[],"unmatched":0,"updated":0},"startTime":1542100273733,"success":true,"testResults":[{"assertionResults":[{"ancestorTitles":[],"failureMessages":[],"fullName":"it matches snapshot","location":null,"status":"passed","title":"it matches snapshot"},{"ancestorTitles":[],"failureMessages":[],"fullName":"it matches style rule","location":null,"status":"passed","title":"it matches style rule"}],"endTime":1542100278667,"message":"","name":"C:\\Users\\victo\\Kode\\batfink-react-storybook-setup\\packages\\atoms\\Barbar\\Barbar.test.js","startTime":1542100276296,"status":"passed","summary":""},{"assertionResults":[{"ancestorTitles":[],"failureMessages":[],"fullName":"it matches snapshot","location":null,"status":"passed","title":"it matches snapshot"},{"ancestorTitles":[],"failureMessages":[],"fullName":"it matches style rule","location":null,"status":"passed","title":"it matches style rule"}],"endTime":1542100278719,"message":"","name":"C:\\Users\\victo\\Kode\\batfink-react-storybook-setup\\packages\\atoms\\Foobar\\Foobar.test.js","startTime":1542100276321,"status":"passed","summary":""}],"wasInterrupted":false}